<?xml version="1.0" encoding="UTF-8"?>
<!-- Generated by org.testng.reporters.JUnitReportReporter -->
<testsuite name="testcases.TC2" tests="1" time="93.520" ignored="0" failures="0" timestamp="27 Dec 2020 13:31:14 GMT" skipped="0" hostname="Home_Laptop" errors="0">
  <testcase name="TC_1" time="93.520" classname="testcases.TC2"/>
</testsuite> <!-- testcases.TC2 -->
