<?xml version="1.0" encoding="UTF-8"?>
<!-- Generated by org.testng.reporters.JUnitReportReporter -->
<testsuite name="testcases.TC3" tests="1" time="86.127" ignored="0" failures="0" timestamp="18 Jan 2021 15:35:15 GMT" skipped="1" hostname="Home_Laptop" errors="0">
  <testcase name="valid_login" time="86.127" classname="testcases.TC3">
    <skipped/>
  </testcase> <!-- valid_login -->
</testsuite> <!-- testcases.TC3 -->
